<?xml version="1.0" encoding="UTF-8"?>
<!-- Generated by org.testng.reporters.JUnitXMLReporter -->
<testsuite hostname="ATMECSINLT-647" ignored="0" name="HomePage Tabs Test" tests="1" failures="1" timestamp="02 Jan 2021 09:55:34 GMT" time="26.848" errors="0">
  <testcase name="homePageTabsTest" time="26.822" classname="com.learning.testcases.HomePageTabsTest">
    <failure type="java.lang.AssertionError" message="expected [9] but found [5]">
      <![CDATA[java.lang.AssertionError: expected [9] but found [5]
	at com.learning.errorcollectors.ErrorCollector.assertEquals(ErrorCollector.java:38)
	at com.learning.errorcollectors.ErrorCollector.verifyEquals(ErrorCollector.java:102)
	at com.learning.testcases.HomePageTabsTest.homePageTabsTest(HomePageTabsTest.java:22)
... Removed 30 stack frames]]>
    </failure>
  </testcase> <!-- homePageTabsTest -->
</testsuite> <!-- HomePage Tabs Test -->
